\BOOKMARK [1][-]{section.11}{\376\377\000E\000i\000n\000l\000e\000i\000t\000u\000n\000g}{}% 1
\BOOKMARK [2][-]{subsection.12}{\376\377\000B\000e\000n\000u\000t\000z\000e\000r\000v\000e\000r\000h\000a\000l\000t\000e\000n\000\040\000u\000n\000d\000\040\000A\000n\000o\000m\000a\000l\000i\000e\000n}{section.11}% 2
\BOOKMARK [2][-]{subsection.13}{\376\377\000K\000a\000t\000e\000g\000o\000r\000i\000s\000i\000e\000r\000u\000n\000g\000\040\000v\000o\000n\000\040\000A\000n\000o\000m\000a\000l\000i\000e\000n}{section.11}% 3
\BOOKMARK [2][-]{subsection.16}{\376\377\000R\000e\000g\000e\000l\000b\000a\000s\000i\000e\000r\000t\000e\000\040\000M\000e\000t\000h\000o\000d\000e\000n\000\040\000u\000n\000d\000\040\000w\000e\000i\000t\000e\000r\000e\000\040\000M\000a\000\337\000n\000a\000h\000m\000e\000n\000\040\000i\000n\000\040\000k\000e\000y\000c\000l\000o\000a\000k}{section.11}% 4
\BOOKMARK [2][-]{subsection.17}{\376\377\000G\000r\000e\000n\000z\000e\000n\000\040\000d\000e\000r\000\040\000S\000i\000c\000h\000e\000r\000h\000e\000i\000t\000s\000m\000a\000\337\000n\000a\000h\000m\000e\000n\000\040\000i\000n\000\040\000K\000e\000y\000c\000l\000o\000a\000k}{section.11}% 5
\BOOKMARK [2][-]{subsection.18}{\376\377\000M\000a\000s\000c\000h\000i\000n\000e\000l\000l\000e\000\040\000L\000e\000r\000n\000m\000o\000d\000e\000l\000l\000e\000\040\000a\000l\000s\000\040\000z\000u\000k\000\374\000n\000f\000t\000i\000g\000e\000\040\000S\000i\000c\000h\000e\000r\000h\000e\000i\000t\000s\000m\000a\000\337\000n\000a\000h\000m\000e}{section.11}% 6
\BOOKMARK [2][-]{subsection.19}{\376\377\000U\000s\000e\000r\000\040\000\050\000a\000n\000d\000\040\000E\000n\000t\000i\000t\000y\000\051\000\040\000B\000e\000h\000a\000v\000i\000o\000r\000\040\000A\000n\000a\000l\000y\000t\000i\000c\000s\000\040\000\050\000U\000\050\000E\000\051\000B\000A\000\051}{section.11}% 7
\BOOKMARK [1][-]{section.20}{\376\377\000F\000o\000r\000s\000c\000h\000u\000n\000g\000s\000s\000t\000a\000n\000d\000,\000\040\000H\000e\000r\000a\000u\000s\000f\000o\000r\000d\000e\000r\000u\000n\000g\000e\000n\000\040\000u\000n\000d\000\040\000H\000y\000p\000o\000t\000h\000e\000s\000e\000n}{}% 8
\BOOKMARK [2][-]{subsection.21}{\376\377\000B\000i\000s\000h\000e\000r\000i\000g\000e\000r\000\040\000F\000o\000r\000s\000c\000h\000u\000n\000g\000s\000s\000t\000a\000n\000d}{section.20}% 9
\BOOKMARK [2][-]{subsection.22}{\376\377\000H\000y\000p\000o\000t\000h\000e\000s\000e}{section.20}% 10
\BOOKMARK [1][-]{section.23}{\376\377\000M\000e\000t\000h\000o\000d\000e\000n\000\040\000u\000n\000d\000\040\000S\000t\000\366\000r\000f\000a\000k\000t\000o\000r\000e\000n}{}% 11
\BOOKMARK [2][-]{subsection.24}{\376\377\000M\000e\000t\000r\000i\000k\000e\000n}{section.23}% 12
\BOOKMARK [2][-]{subsection.25}{\376\377\000S\000t\000\366\000r\000f\000a\000k\000t\000o\000r\000e\000n}{section.23}% 13
\BOOKMARK [1][-]{section.26}{\376\377\000A\000n\000g\000e\000w\000a\000n\000d\000t\000e\000\040\000T\000e\000c\000h\000n\000o\000l\000o\000g\000i\000e\000n}{}% 14
\BOOKMARK [2][-]{subsection.27}{\376\377\000s\000c\000i\000k\000i\000t\000\040\000L\000e\000a\000r\000n}{section.26}% 15
\BOOKMARK [2][-]{subsection.28}{\376\377\000K\000e\000r\000a\000s}{section.26}% 16
\BOOKMARK [2][-]{subsection.29}{\376\377\000t\000e\000n\000s\000o\000r\000f\000l\000o\000w}{section.26}% 17
\BOOKMARK [2][-]{subsection.30}{\376\377\000V\000e\000r\000w\000o\000r\000f\000e\000n\000e\000\040\000T\000e\000c\000h\000n\000o\000l\000o\000g\000i\000e\000:\000\040\000D\000e\000e\000p\000\040\000G\000P\000U\000\040\000X\000c\000e\000l\000e\000r\000a\000t\000i\000o\000n\000\040\000\050\000d\000g\000x\000\051}{section.26}% 18
\BOOKMARK [1][-]{section.31}{\376\377\000K\000e\000y\000c\000l\000o\000a\000k}{}% 19
\BOOKMARK [2][-]{subsection.32}{\376\377\000T\000e\000r\000m\000i\000n\000o\000l\000o\000g\000i\000e\000n\000\040\000i\000n\000\040\000K\000e\000y\000c\000l\000o\000a\000k}{section.31}% 20
\BOOKMARK [2][-]{subsection.35}{\376\377\000K\000o\000m\000p\000o\000n\000e\000n\000t\000e\000n\000\040\000d\000e\000r\000\040\000L\000o\000g\000-\000E\000r\000z\000e\000u\000g\000u\000n\000g}{section.31}% 21
\BOOKMARK [2][-]{subsection.38}{\376\377\000L\000o\000g\000-\000D\000a\000t\000e\000i\000e\000n\000\040\000i\000n\000\040\000K\000e\000y\000c\000l\000o\000a\000k}{section.31}% 22
\BOOKMARK [2][-]{subsection.39}{\376\377\000E\000v\000e\000n\000t\000-\000L\000o\000g\000s\000\040\000u\000n\000d\000\040\000A\000u\000d\000i\000t\000-\000L\000o\000g\000s}{section.31}% 23
\BOOKMARK [2][-]{subsection.40}{\376\377\000A\000u\000f\000b\000a\000u\000\040\000d\000e\000r\000\040\000E\000v\000e\000n\000t\000-\000L\000o\000g\000s}{section.31}% 24
\BOOKMARK [1][-]{section.43}{\376\377\000T\000h\000e\000o\000r\000e\000t\000i\000s\000c\000h\000e\000r\000\040\000H\000i\000n\000t\000e\000r\000g\000r\000u\000n\000d\000\040\000d\000e\000r\000\040\000M\000o\000d\000e\000l\000l\000e}{}% 25
\BOOKMARK [2][-]{subsection.44}{\376\377\000L\000S\000T\000M}{section.43}% 26
\BOOKMARK [2][-]{subsection.45}{\376\377\000A\000u\000t\000o\000e\000n\000c\000o\000d\000e\000r}{section.43}% 27
\BOOKMARK [2][-]{subsection.48}{\376\377\000I\000s\000o\000l\000a\000t\000i\000o\000n\000\040\000F\000o\000r\000e\000s\000t}{section.43}% 28
\BOOKMARK [2][-]{subsection.51}{\376\377\000O\000n\000e\000-\000C\000l\000a\000s\000s\000\040\000S\000V\000M}{section.43}% 29
\BOOKMARK [2][-]{subsection.54}{\376\377\000D\000B\000S\000C\000A\000N}{section.43}% 30
\BOOKMARK [2][-]{subsection.62}{\376\377\000W\000e\000i\000t\000e\000r\000e\000\040\000A\000l\000g\000o\000r\000i\000t\000h\000m\000e\000n\000\040\000f\000\374\000r\000\040\000z\000u\000k\000\374\000n\000f\000t\000i\000g\000e\000\040\000S\000t\000u\000d\000i\000e\000n\000\040}{section.43}% 31
\BOOKMARK [1][-]{section.63}{\376\377\000I\000m\000p\000l\000e\000m\000e\000n\000t\000i\000e\000r\000u\000n\000g}{}% 32
\BOOKMARK [2][-]{subsection.64}{\376\377\000H\000y\000b\000r\000i\000d\000m\000o\000d\000e\000l\000l\000e\000\040\000m\000i\000t\000\040\000L\000S\000T\000M\000-\000A\000E}{section.63}% 33
\BOOKMARK [3][-]{subsubsection.73}{\376\377\000I\000m\000p\000l\000e\000m\000e\000n\000t\000i\000e\000r\000u\000n\000g\000:\000\040\000I\000s\000o\000l\000a\000t\000i\000o\000n\000\040\000F\000o\000r\000e\000s\000t\000\040\000u\000n\000d\000\040\000O\000C\000S\000V\000M}{subsection.64}% 34
\BOOKMARK [3][-]{subsubsection.74}{\376\377\000I\000m\000p\000l\000e\000m\000e\000n\000t\000i\000e\000r\000u\000n\000g\000:\000\040\000D\000B\000S\000C\000A\000N}{subsection.64}% 35
\BOOKMARK [2][-]{subsection.75}{\376\377\000A\000l\000t\000e\000r\000n\000a\000t\000i\000v\000e\000\040\000A\000r\000c\000h\000i\000t\000e\000k\000t\000u\000r\000e\000n}{section.63}% 36
\BOOKMARK [1][-]{section.76}{\376\377\000G\000e\000n\000e\000r\000i\000e\000r\000u\000n\000g\000\040\000d\000e\000r\000\040\000L\000o\000g\000s}{}% 37
\BOOKMARK [2][-]{subsection.77}{\376\377\000E\000r\000s\000t\000e\000r\000\040\000E\000n\000t\000w\000u\000r\000f\000\040\000d\000e\000r\000\040\000A\000n\000g\000r\000i\000f\000f\000s\000f\000\344\000l\000l\000e}{section.76}% 38
\BOOKMARK [2][-]{subsection.78}{\376\377\000A\000u\000t\000o\000m\000a\000t\000i\000s\000c\000h\000e\000\040\000E\000r\000s\000t\000e\000l\000l\000u\000n\000g\000\040\000d\000e\000r\000\040\000K\000e\000y\000c\000l\000o\000a\000k\000-\000L\000o\000g\000s}{section.76}% 39
\BOOKMARK [2][-]{subsection.81}{\376\377\000G\000r\000e\000n\000z\000e\000n\000\040\000d\000i\000e\000s\000e\000r\000\040\000L\000\366\000s\000u\000n\000g}{section.76}% 40
\BOOKMARK [1][-]{section.82}{\376\377\000Z\000w\000e\000i\000t\000e\000r\000\040\000A\000n\000s\000a\000t\000z\000:\000\040\000M\000a\000n\000u\000e\000l\000l\000e\000\040\000L\000o\000g\000-\000G\000e\000n\000e\000r\000i\000e\000r\000u\000n\000g\000\040\000u\000n\000d\000\040\000d\000u\000r\000c\000h\000\040\000S\000e\000l\000e\000n\000i\000u\000m}{}% 41
\BOOKMARK [2][-]{subsection.83}{\376\377\000A\000n\000b\000i\000n\000d\000u\000n\000g\000\040\000d\000e\000r\000\040\000K\000e\000y\000c\000l\000o\000a\000k\000-\000A\000P\000I}{section.82}% 42
\BOOKMARK [2][-]{subsection.86}{\376\377\000D\000a\000t\000e\000n\000b\000e\000s\000c\000h\000a\000f\000f\000u\000n\000g\000\040\000d\000u\000r\000c\000h\000\040\000S\000e\000l\000e\000n\000i\000u\000m}{section.82}% 43
\BOOKMARK [2][-]{subsection.91}{\376\377\000M\000\366\000g\000l\000i\000c\000h\000e\000\040\000A\000n\000g\000r\000i\000f\000f\000s\000z\000e\000n\000a\000r\000i\000e\000n\000\040\000b\000a\000s\000i\000e\000r\000e\000n\000d\000\040\000a\000u\000f\000\040\000C\000V\000E\000\040\000u\000n\000d\000\040\000C\000W\000E}{section.82}% 44
\BOOKMARK [2][-]{subsection.92}{\376\377\000A\000n\000g\000r\000i\000f\000f\000s\000s\000z\000e\000n\000a\000r\000i\000e\000n}{section.82}% 45
\BOOKMARK [3][-]{subsubsection.93}{\376\377\000P\000r\000i\000v\000i\000l\000e\000g\000e\000\040\000E\000s\000c\000a\000l\000a\000t\000i\000o\000n}{subsection.92}% 46
\BOOKMARK [3][-]{subsubsection.104}{\376\377\000A\000n\000g\000r\000i\000f\000f\000s\000s\000z\000e\000n\000a\000r\000i\000o\000:\000\040\000A\000c\000c\000o\000u\000n\000t\000-\000S\000a\000b\000o\000t\000a\000g\000e\000\040\000d\000u\000r\000c\000h\000\040\000p\000r\000i\000v\000i\000l\000e\000g\000i\000e\000r\000t\000e\000n\000\040\000B\000e\000n\000u\000t\000z\000e\000r}{subsection.92}% 47
\BOOKMARK [3][-]{subsubsection.114}{\376\377\000A\000n\000g\000r\000i\000f\000f\000s\000s\000z\000e\000n\000a\000r\000i\000o\000:\000\040\000D\000i\000c\000t\000i\000o\000n\000a\000r\000y\000-\000A\000n\000g\000r\000i\000f\000f\000\040\000\374\000b\000e\000r\000\040\000d\000i\000e\000\040\000W\000e\000b\000-\000O\000b\000e\000r\000f\000l\000\344\000c\000h\000e}{subsection.92}% 48
\BOOKMARK [2][-]{subsection.125}{\376\377\000\304\000n\000d\000e\000r\000u\000n\000g\000\040\000d\000e\000r\000\040\000T\000i\000m\000e\000s\000t\000a\000m\000p\000s\000\040\000d\000u\000r\000c\000h\000\040\000U\000n\000i\000x\000\040\000T\000i\000m\000e\000s\000t\000a\000m\000p}{section.82}% 49
\BOOKMARK [1][-]{section.128}{\376\377\000D\000u\000r\000c\000h\000f\000\374\000h\000r\000u\000n\000g\000\040\000d\000e\000s\000\040\000T\000r\000a\000i\000n\000i\000n\000g\000s}{}% 50
\BOOKMARK [2][-]{subsection.129}{\376\377\000D\000i\000e\000\040\000A\000n\000z\000a\000h\000l\000\040\000d\000e\000r\000\040\000L\000o\000g\000-\000E\000i\000n\000t\000r\000\344\000g\000e}{section.128}% 51
\BOOKMARK [2][-]{subsection.130}{\376\377\000T\000e\000s\000t\000f\000\344\000l\000l\000e}{section.128}% 52
\BOOKMARK [1][-]{section.133}{\376\377\000A\000u\000s\000w\000e\000r\000t\000u\000n\000g}{}% 53
\BOOKMARK [2][-]{subsection.134}{\376\377\000B\000e\000r\000e\000c\000h\000n\000u\000n\000g\000\040\000d\000e\000r\000\040\000M\000i\000t\000t\000e\000l\000w\000e\000r\000t\000e}{section.133}% 54
\BOOKMARK [3][-]{subsubsection.141}{\376\377\000B\000e\000r\000e\000c\000h\000n\000u\000n\000g\000\040\000d\000e\000r\000\040\000S\000t\000a\000n\000d\000a\000r\000d\000a\000b\000w\000e\000i\000c\000h\000u\000n\000g\000\040\000u\000n\000d\000\040\000V\000a\000r\000i\000a\000n\000z}{subsection.134}% 55
\BOOKMARK [3][-]{subsubsection.150}{\376\377\000F\000r\000i\000e\000d\000m\000a\000n\000-\000T\000e\000s\000t}{subsection.134}% 56
\BOOKMARK [3][-]{subsubsection.155}{\376\377\000N\000e\000m\000e\000n\000y\000i\000-\000T\000e\000s\000t}{subsection.134}% 57
\BOOKMARK [1][-]{section.168}{\376\377\000D\000i\000s\000k\000u\000s\000s\000i\000o\000n}{}% 58
\BOOKMARK [1][-]{section.169}{\376\377\000F\000a\000z\000i\000t}{}% 59
\BOOKMARK [1][-]{section.170}{\376\377\000A\000u\000s\000b\000l\000i\000c\000k}{}% 60
\BOOKMARK [2][-]{subsection.171}{\376\377\000W\000i\000r\000t\000s\000c\000h\000a\000f\000t\000l\000i\000c\000h\000e\000\040\000A\000n\000w\000e\000n\000d\000u\000n\000g}{section.170}% 61
\BOOKMARK [2][-]{subsection.172}{\376\377\000W\000i\000s\000s\000e\000n\000s\000c\000h\000a\000f\000t\000l\000i\000c\000h\000e\000r\000\040\000A\000u\000s\000b\000l\000i\000c\000k}{section.170}% 62
\BOOKMARK [2][-]{subsection.173}{\376\377\000A\000n\000g\000r\000i\000f\000f\000e}{section.170}% 63
\BOOKMARK [3][-]{subsubsection.178}{\376\377\000S\000e\000q\000u\000e\000n\000z\000l\000\344\000n\000g\000e\000\040\0002\0005\000,\000\040\000T\000e\000s\000t\000l\000a\000u\000f\000\040\0001}{subsection.173}% 64
\BOOKMARK [3][-]{subsubsection.185}{\376\377\000S\000e\000q\000u\000e\000n\000z\000l\000\344\000n\000g\000e\000\040\0002\0005\000,\000\040\000T\000e\000s\000t\000l\000a\000u\000f\000\040\0002}{subsection.173}% 65
\BOOKMARK [3][-]{subsubsection.192}{\376\377\000S\000e\000q\000u\000e\000n\000z\000l\000\344\000n\000g\000e\000\040\0002\0005\000,\000\040\000T\000e\000s\000t\000l\000a\000u\000f\000\040\0003}{subsection.173}% 66
\BOOKMARK [3][-]{subsubsection.199}{\376\377\000S\000e\000q\000u\000e\000n\000z\000l\000\344\000n\000g\000e\000\040\0002\0005\000,\000\040\000T\000e\000s\000t\000l\000a\000u\000f\000\040\0004}{subsection.173}% 67
\BOOKMARK [3][-]{subsubsection.206}{\376\377\000S\000e\000q\000u\000e\000n\000z\000l\000\344\000n\000g\000e\000\040\0002\0005\000,\000\040\000T\000e\000s\000t\000l\000a\000u\000f\000\040\0005}{subsection.173}% 68
\BOOKMARK [3][-]{subsubsection.214}{\376\377\000S\000e\000q\000u\000e\000n\000z\000l\000\344\000n\000g\000e\000\040\0002\0005\000,\000\040\000T\000e\000s\000t\000l\000a\000u\000f\000\040\0001}{subsection.173}% 69
\BOOKMARK [3][-]{subsubsection.221}{\376\377\000S\000e\000q\000u\000e\000n\000z\000l\000\344\000n\000g\000e\000\040\0002\0005\000,\000\040\000T\000e\000s\000t\000l\000a\000u\000f\000\040\0002}{subsection.173}% 70
\BOOKMARK [3][-]{subsubsection.228}{\376\377\000S\000e\000q\000u\000e\000n\000z\000l\000\344\000n\000g\000e\000\040\0002\0005\000,\000\040\000T\000e\000s\000t\000l\000a\000u\000f\000\040\0003}{subsection.173}% 71
\BOOKMARK [3][-]{subsubsection.235}{\376\377\000S\000e\000q\000u\000e\000n\000z\000l\000\344\000n\000g\000e\000\040\0002\0005\000,\000\040\000T\000e\000s\000t\000l\000a\000u\000f\000\040\0004}{subsection.173}% 72
\BOOKMARK [3][-]{subsubsection.242}{\376\377\000S\000e\000q\000u\000e\000n\000z\000l\000\344\000n\000g\000e\000\040\0002\0005\000,\000\040\000T\000e\000s\000t\000l\000a\000u\000f\000\040\0005}{subsection.173}% 73
